<?xml version="1.0" encoding="utf-8" standalone="yes"?>
<application xmlns="http://ns.adobe.com/air/application/15.0">
    <id>com.mrbbp.TestPiece</id>
    <versionNumber>1.0</versionNumber>
    <filename>com.mrbbp.TestPiece</filename>
    <description></description>
    <!-- To localize the description, use the following format for the description element.
	<description>
		<text xml:lang="en">English App description goes here</text>
		<text xml:lang="fr">French App description goes here</text>
		<text xml:lang="ja">Japanese App description goes here</text>
	</description>
	-->
    <name>com.mrbbp.TestPiece</name>
    <!-- To localize the name, use the following format for the name element.
	<name>
		<text xml:lang="en">English App name goes here</text>
		<text xml:lang="fr">French App name goes here</text>
		<text xml:lang="ja">Japanese App name goes here</text>
	</name>
	-->
    <copyright></copyright>
    <initialWindow>
        <content>Test.swf</content>
        <systemChrome>standard</systemChrome>
        <transparent>false</transparent>
        <visible>true</visible>
        <fullScreen>true</fullScreen>
        <autoOrients>false</autoOrients>
        <aspectRatio>landscape</aspectRatio>
        <renderMode>auto</renderMode>
    </initialWindow>
    <customUpdateUI>false</customUpdateUI>
    <allowBrowserInvocation>false</allowBrowserInvocation>
    <icon>
        <image29x29>AppIconsForPublish/29.png</image29x29>
        <image50x50>AppIconsForPublish/50.png</image50x50>
        <image72x72>AppIconsForPublish/72.png</image72x72>
        <image100x100>AppIconsForPublish/100.png</image100x100>
        <image144x144>AppIconsForPublish/144.png</image144x144>
    </icon>
    <iPhone>
        <requestedDisplayResolution>high</requestedDisplayResolution>
        <InfoAdditions><![CDATA[
    <key>UIDeviceFamily</key>
    <array><string>2</string></array>
]]></InfoAdditions>
    </iPhone>
    <supportedLanguages>en fr</supportedLanguages>
</application>